日志等级:INFO || 时间:2025-07-06 17:50:13,910 || 消息:
==================== 开始第 1/5 次实验 ====================
日志等级:INFO || 时间:2025-07-06 17:50:14,940 || 消息:开始训练模型...
日志等级:INFO || 时间:2025-07-06 17:50:38,187 || 消息:开始评估模型...
日志等级:INFO || 时间:2025-07-06 17:50:38,221 || 消息:第 1 次实验结果 - MSE: 339169.2956, MAE: 446.2044
日志等级:INFO || 时间:2025-07-06 17:50:38,221 || 消息:
==================== 开始第 2/5 次实验 ====================
日志等级:INFO || 时间:2025-07-06 17:50:38,242 || 消息:开始训练模型...
日志等级:INFO || 时间:2025-07-06 17:51:00,436 || 消息:开始评估模型...
日志等级:INFO || 时间:2025-07-06 17:51:00,458 || 消息:第 2 次实验结果 - MSE: 229213.1967, MAE: 371.5893
日志等级:INFO || 时间:2025-07-06 17:51:00,458 || 消息:
==================== 开始第 3/5 次实验 ====================
日志等级:INFO || 时间:2025-07-06 17:51:00,471 || 消息:开始训练模型...
日志等级:INFO || 时间:2025-07-06 17:51:22,396 || 消息:开始评估模型...
日志等级:INFO || 时间:2025-07-06 17:51:22,425 || 消息:第 3 次实验结果 - MSE: 306344.5043, MAE: 427.7147
日志等级:INFO || 时间:2025-07-06 17:51:22,426 || 消息:
==================== 开始第 4/5 次实验 ====================
日志等级:INFO || 时间:2025-07-06 17:51:22,435 || 消息:开始训练模型...
日志等级:INFO || 时间:2025-07-06 17:51:45,463 || 消息:开始评估模型...
日志等级:INFO || 时间:2025-07-06 17:51:45,494 || 消息:第 4 次实验结果 - MSE: 232636.7564, MAE: 367.9207
日志等级:INFO || 时间:2025-07-06 17:51:45,494 || 消息:
==================== 开始第 5/5 次实验 ====================

日志等级:INFO || 时间:2025-07-06 17:52:06,855 || 消息:开始评估模型...
日志等级:INFO || 时间:2025-07-06 17:52:06,879 || 消息:第 5 次实验结果 - MSE: 246104.0368, MAE: 382.1239
日志等级:INFO || 时间:2025-07-06 17:52:06,879 || 消息:
==================== 所有实验完成 ====================
日志等级:INFO || 时间:2025-07-06 17:52:06,881 || 消息:5 次实验的平均结果:
日志等级:INFO || 时间:2025-07-06 17:52:06,881 || 消息:均方误差 (MSE): 270693.5580 ± 44121.4272
日志等级:INFO || 时间:2025-07-06 17:52:06,881 || 消息:平均绝对误差 (MAE): 399.1106 ± 31.7956
日志等级:INFO || 时间:2025-07-06 17:52:06,881 || 消息:正在生成预测与真实值对比图...
日志等级:INFO || 时间:2025-07-06 17:52:07,121 || 消息:图表已保存至: ./results/plot





 
 日志等级:INFO || 时间:2025-07-06 18:03:51,452 || 消息:
==================== 开始第 1/5 次实验 ====================
日志等级:INFO || 时间:2025-07-06 18:03:52,524 || 消息:开始训练模型...
日志等级:INFO || 时间:2025-07-06 18:04:22,898 || 消息:开始评估模型...
日志等级:INFO || 时间:2025-07-06 18:04:22,926 || 消息:第 1 次实验结果 - MSE: 380758.2189, MAE: 475.8526
日志等级:INFO || 时间:2025-07-06 18:04:22,928 || 消息:
==================== 开始第 2/5 次实验 ====================
日志等级:INFO || 时间:2025-07-06 18:04:22,942 || 消息:开始训练模型...
日志等级:INFO || 时间:2025-07-06 18:04:55,288 || 消息:开始评估模型...
日志等级:INFO || 时间:2025-07-06 18:04:55,313 || 消息:第 2 次实验结果 - MSE: 328603.0124, MAE: 446.5416
日志等级:INFO || 时间:2025-07-06 18:04:55,313 || 消息:
==================== 开始第 3/5 次实验 ====================
日志等级:INFO || 时间:2025-07-06 18:04:55,331 || 消息:开始训练模型...
日志等级:INFO || 时间:2025-07-06 18:05:22,747 || 消息:开始评估模型...
日志等级:INFO || 时间:2025-07-06 18:05:22,772 || 消息:第 3 次实验结果 - MSE: 266678.4809, MAE: 399.5259
日志等级:INFO || 时间:2025-07-06 18:05:22,772 || 消息:
==================== 开始第 4/5 次实验 ====================
日志等级:INFO || 时间:2025-07-06 18:05:22,788 || 消息:开始训练模型...
日志等级:INFO || 时间:2025-07-06 18:05:49,202 || 消息:开始评估模型...
日志等级:INFO || 时间:2025-07-06 18:05:49,232 || 消息:第 4 次实验结果 - MSE: 238131.5391, MAE: 378.0364
日志等级:INFO || 时间:2025-07-06 18:05:49,232 || 消息:
==================== 开始第 5/5 次实验 ====================
日志等级:INFO || 时间:2025-07-06 18:05:49,244 || 消息:开始训练模型...
日志等级:INFO || 时间:2025-07-06 18:06:16,872 || 消息:开始评估模型...
日志等级:INFO || 时间:2025-07-06 18:06:16,898 || 消息:第 5 次实验结果 - MSE: 300752.7751, MAE: 426.3376
日志等级:INFO || 时间:2025-07-06 18:06:16,898 || 消息:
==================== 所有实验完成 ====================
日志等级:INFO || 时间:2025-07-06 18:06:16,898 || 消息:5 次实验的平均结果:
日志等级:INFO || 时间:2025-07-06 18:06:16,898 || 消息:均方误差 (MSE): 302984.8053 ± 49465.2882
日志等级:INFO || 时间:2025-07-06 18:06:16,898 || 消息:平均绝对误差 (MAE): 425.2588 ± 34.3685
日志等级:INFO || 时间:2025-07-06 18:06:16,898 || 消息:正在生成预测与真实值对比图...
日志等级:INFO || 时间:2025-07-06 18:06:17,134 || 消息:图表已保存至: ./results/plot1
日志等级:INFO || 时间:2025-07-06 18:06:56,613 || 消息:
==================== 开始第 1/5 次实验 ====================
日志等级:INFO || 时间:2025-07-06 18:06:57,769 || 消息:开始训练模型...
日志等级:INFO || 时间:2025-07-06 18:07:12,238 || 消息:开始评估模型...
日志等级:INFO || 时间:2025-07-06 18:07:12,263 || 消息:第 1 次实验结果 - MSE: 331272.0243, MAE: 440.9631
日志等级:INFO || 时间:2025-07-06 18:07:12,263 || 消息:
==================== 开始第 2/5 次实验 ====================
日志等级:INFO || 时间:2025-07-06 18:07:12,275 || 消息:开始训练模型...
日志等级:INFO || 时间:2025-07-06 18:07:26,236 || 消息:开始评估模型...
日志等级:INFO || 时间:2025-07-06 18:07:26,259 || 消息:第 2 次实验结果 - MSE: 310512.4130, MAE: 432.3275
日志等级:INFO || 时间:2025-07-06 18:07:26,259 || 消息:
==================== 开始第 3/5 次实验 ====================
日志等级:INFO || 时间:2025-07-06 18:07:26,269 || 消息:开始训练模型...
日志等级:INFO || 时间:2025-07-06 18:07:41,345 || 消息:开始评估模型...
日志等级:INFO || 时间:2025-07-06 18:07:41,374 || 消息:第 3 次实验结果 - MSE: 223606.4583, MAE: 360.6134
日志等级:INFO || 时间:2025-07-06 18:07:41,374 || 消息:
==================== 开始第 4/5 次实验 ====================
日志等级:INFO || 时间:2025-07-06 18:07:41,394 || 消息:开始训练模型...
日志等级:INFO || 时间:2025-07-06 18:07:57,709 || 消息:开始评估模型...
日志等级:INFO || 时间:2025-07-06 18:07:57,768 || 消息:第 4 次实验结果 - MSE: 226275.5999, MAE: 366.1076
日志等级:INFO || 时间:2025-07-06 18:07:57,769 || 消息:
==================== 开始第 5/5 次实验 ====================
日志等级:INFO || 时间:2025-07-06 18:07:57,793 || 消息:开始训练模型...
日志等级:INFO || 时间:2025-07-06 18:08:12,748 || 消息:开始评估模型...
日志等级:INFO || 时间:2025-07-06 18:08:12,768 || 消息:第 5 次实验结果 - MSE: 256296.8011, MAE: 387.1202
日志等级:INFO || 时间:2025-07-06 18:08:12,768 || 消息:
==================== 所有实验完成 ====================
日志等级:INFO || 时间:2025-07-06 18:08:12,768 || 消息:5 次实验的平均结果:
日志等级:INFO || 时间:2025-07-06 18:08:12,768 || 消息:均方误差 (MSE): 269592.6593 ± 43924.1357
日志等级:INFO || 时间:2025-07-06 18:08:12,768 || 消息:平均绝对误差 (MAE): 397.4264 ± 33.3341
日志等级:INFO || 时间:2025-07-06 18:08:12,768 || 消息:正在生成预测与真实值对比图...
日志等级:INFO || 时间:2025-07-06 18:08:13,033 || 消息:图表已保存至: ./results/plot1
