日志等级:INFO || 时间:2025-07-06 21:17:37,549 || 消息:
==================== 开始第 1/5 次实验 ====================
日志等级:INFO || 时间:2025-07-06 21:17:38,928 || 消息:开始训练模型...
日志等级:INFO || 时间:2025-07-06 21:21:54,729 || 消息:开始评估模型...
日志等级:INFO || 时间:2025-07-06 21:21:55,091 || 消息:第 1 次实验结果 - MSE: 320970.7722, MAE: 435.0216
日志等级:INFO || 时间:2025-07-06 21:21:55,092 || 消息:
==================== 开始第 2/5 次实验 ====================
日志等级:INFO || 时间:2025-07-06 21:21:55,115 || 消息:开始训练模型...
日志等级:INFO || 时间:2025-07-06 21:26:03,362 || 消息:开始评估模型...
日志等级:INFO || 时间:2025-07-06 21:26:03,619 || 消息:第 2 次实验结果 - MSE: 285905.6580, MAE: 409.4128
日志等级:INFO || 时间:2025-07-06 21:26:03,619 || 消息:
==================== 开始第 3/5 次实验 ====================
日志等级:INFO || 时间:2025-07-06 21:26:03,634 || 消息:开始训练模型...
日志等级:INFO || 时间:2025-07-06 21:30:04,002 || 消息:开始评估模型...
日志等级:INFO || 时间:2025-07-06 21:30:04,256 || 消息:第 3 次实验结果 - MSE: 311315.6267, MAE: 431.1033
日志等级:INFO || 时间:2025-07-06 21:30:04,256 || 消息:
==================== 开始第 4/5 次实验 ====================
日志等级:INFO || 时间:2025-07-06 21:30:04,277 || 消息:开始训练模型...
日志等级:INFO || 时间:2025-07-06 21:34:13,447 || 消息:开始评估模型...
日志等级:INFO || 时间:2025-07-06 21:34:13,849 || 消息:第 4 次实验结果 - MSE: 307321.6129, MAE: 419.5760
日志等级:INFO || 时间:2025-07-06 21:34:13,849 || 消息:
==================== 开始第 5/5 次实验 ====================
日志等级:INFO || 时间:2025-07-06 21:34:13,865 || 消息:开始训练模型...
日志等级:INFO || 时间:2025-07-06 21:38:29,586 || 消息:开始评估模型...
日志等级:INFO || 时间:2025-07-06 21:38:29,853 || 消息:第 5 次实验结果 - MSE: 312229.1496, MAE: 427.7736
日志等级:INFO || 时间:2025-07-06 21:38:29,854 || 消息:
==================== 所有实验完成 ====================
日志等级:INFO || 时间:2025-07-06 21:38:29,854 || 消息:5 次实验的平均结果:
日志等级:INFO || 时间:2025-07-06 21:38:29,856 || 消息:均方误差 (MSE): 307548.5639 ± 11702.3177
日志等级:INFO || 时间:2025-07-06 21:38:29,856 || 消息:平均绝对误差 (MAE): 424.5775 ± 9.1309
日志等级:INFO || 时间:2025-07-06 21:38:29,856 || 消息:正在生成预测与真实值对比图...
日志等级:INFO || 时间:2025-07-06 21:38:30,163 || 消息:图表已保存至: ./results/plot1
